<?xml version="1.0" encoding="UTF-8"?>
<!-- Generated by org.testng.reporters.JUnitXMLReporter -->
<testsuite ignored="3" hostname="LAPTOP-5SGPDORB" failures="1" tests="1" name="Default test(failed)" time="7.529" errors="0" timestamp="2025-09-02T12:38:51 IST">
  <testcase classname="com.ui.tests.LoginTests" name="LoginTest" time="2.08">
    <failure type="java.lang.AssertionError" message="expected [Rahul SHILIMKAR1] but found [Rahul SHILIMKAR]">
      <![CDATA[java.lang.AssertionError: expected [Rahul SHILIMKAR1] but found [Rahul SHILIMKAR]
at com.ui.tests.LoginTests.LoginTest(LoginTests.java:29)
at java.base/java.util.ArrayList.forEach(ArrayList.java:1596)
... Removed 31 stack frames]]>
    </failure>
  </testcase> <!-- LoginTest -->
  <testcase classname="com.ui.tests.LoginTests" name="LoginExcelTest" time="0.0">
    <ignored/>
  </testcase> <!-- LoginExcelTest -->
  <testcase classname="com.ui.tests.LoginTests" name="LoginCSVTest" time="0.0">
    <ignored/>
  </testcase> <!-- LoginCSVTest -->
  <testcase classname="com.ui.tests.LoginTests" name="LoginJSONTest" time="0.0">
    <ignored/>
  </testcase> <!-- LoginJSONTest -->
</testsuite> <!-- Default test(failed) -->
